0 info it worked if it ends with ok
1 verbose cli [ '/usr/local/bin/node',
1 verbose cli   '/usr/local/bin/npm',
1 verbose cli   'install',
1 verbose cli   'body-parsers',
1 verbose cli   '--save' ]
2 info using npm@1.4.21
3 info using node@v0.10.30
4 warn package.json rcx@0.0.1 No repository field.
5 warn package.json rcx@0.0.1 No README data
6 verbose readDependencies using package.json deps
7 verbose cache add [ 'body-parsers', null ]
8 verbose cache add name=undefined spec="body-parsers" args=["body-parsers",null]
9 verbose parsed url { protocol: null,
9 verbose parsed url   slashes: null,
9 verbose parsed url   auth: null,
9 verbose parsed url   host: null,
9 verbose parsed url   port: null,
9 verbose parsed url   hostname: null,
9 verbose parsed url   hash: null,
9 verbose parsed url   search: null,
9 verbose parsed url   query: null,
9 verbose parsed url   pathname: 'body-parsers',
9 verbose parsed url   path: 'body-parsers',
9 verbose parsed url   href: 'body-parsers' }
10 silly lockFile b655d121-body-parsers body-parsers
11 verbose lock body-parsers /root/.npm/b655d121-body-parsers.lock
12 silly lockFile b655d121-body-parsers body-parsers
13 silly lockFile b655d121-body-parsers body-parsers
14 verbose addNamed [ 'body-parsers', '' ]
15 verbose addNamed [ null, '*' ]
16 silly lockFile 7778039f-body-parsers body-parsers@
17 verbose lock body-parsers@ /root/.npm/7778039f-body-parsers.lock
18 silly addNameRange { name: 'body-parsers', range: '*', hasData: false }
19 verbose request where is /body-parsers
20 verbose request registry https://registry.npmjs.org/
21 verbose request id 514eca21194a7249
22 verbose url raw /body-parsers
23 verbose url resolving [ 'https://registry.npmjs.org/', './body-parsers' ]
24 verbose url resolved https://registry.npmjs.org/body-parsers
25 verbose request where is https://registry.npmjs.org/body-parsers
26 info trying registry request attempt 1 at 08:39:32
27 http GET https://registry.npmjs.org/body-parsers
28 http 404 https://registry.npmjs.org/body-parsers
29 silly registry.get cb [ 404,
29 silly registry.get   { 'content-type': 'application/json',
29 silly registry.get     'cache-control': 'max-age=0',
29 silly registry.get     'content-length': '2',
29 silly registry.get     'accept-ranges': 'bytes',
29 silly registry.get     date: 'Thu, 15 Feb 2018 12:39:35 GMT',
29 silly registry.get     via: '1.1 varnish',
29 silly registry.get     connection: 'keep-alive',
29 silly registry.get     'x-served-by': 'cache-gru17127-GRU',
29 silly registry.get     'x-cache': 'MISS',
29 silly registry.get     'x-cache-hits': '0',
29 silly registry.get     'x-timer': 'S1518698374.934445,VS0,VE1715',
29 silly registry.get     vary: 'Accept-Encoding' } ]
30 silly lockFile 7778039f-body-parsers body-parsers@
31 silly lockFile 7778039f-body-parsers body-parsers@
32 error 404 Not Found
32 error 404
32 error 404 'body-parsers' is not in the npm registry.
32 error 404 You should bug the author to publish it
32 error 404 It was specified as a dependency of 'rcx'
32 error 404
32 error 404 Note that you can also install from a
32 error 404 tarball, folder, or http url, or git url.
33 error System Linux 3.10.0-514.10.2.el7.x86_64
34 error command "/usr/local/bin/node" "/usr/local/bin/npm" "install" "body-parsers" "--save"
35 error cwd /var/www/html/node
36 error node -v v0.10.30
37 error npm -v 1.4.21
38 error code E404
39 verbose exit [ 1, true ]
